2017-08-29 14:07:27 [ ERROR ] [ AbstractClient$1.java :155(run)]  [DUBBO] client reconnect to 192.168.1.13:20882 find error . url: dubbo://192.168.1.13:20882/com.zhang.cms.rpc.api.CmsApiService?anyhost=true&application=zhang-cms-web&check=false&codec=dubbo&default.check=false&dubbo=2.5.3&heartbeat=60000&interface=com.zhang.cms.rpc.api.CmsApiService&methods=selectCmsUserByUsername&mock=true&pid=7312&revision=1.0.0&side=consumer&timeout=10000&timestamp=1503985365833, dubbo version: 2.5.3, current host: 192.168.1.13
com.alibaba.dubbo.remoting.RemotingException: client(url: dubbo://192.168.1.13:20882/com.zhang.cms.rpc.api.CmsApiService?anyhost=true&application=zhang-cms-web&check=false&codec=dubbo&default.check=false&dubbo=2.5.3&heartbeat=60000&interface=com.zhang.cms.rpc.api.CmsApiService&methods=selectCmsUserByUsername&mock=true&pid=7312&revision=1.0.0&side=consumer&timeout=10000&timestamp=1503985365833) failed to connect to server /192.168.1.13:20882, error message is:Connection refused: no further information
	at com.alibaba.dubbo.remoting.transport.netty.NettyClient.doConnect(NettyClient.java:124)
	at com.alibaba.dubbo.remoting.transport.AbstractClient.connect(AbstractClient.java:280)
	at com.alibaba.dubbo.remoting.transport.AbstractClient$1.run(AbstractClient.java:145)
	at java.util.concurrent.Executors$RunnableAdapter.call(Executors.java:511)
	at java.util.concurrent.FutureTask.runAndReset(FutureTask.java:308)
	at java.util.concurrent.ScheduledThreadPoolExecutor$ScheduledFutureTask.access$301(ScheduledThreadPoolExecutor.java:180)
	at java.util.concurrent.ScheduledThreadPoolExecutor$ScheduledFutureTask.run(ScheduledThreadPoolExecutor.java:294)
	at java.util.concurrent.ThreadPoolExecutor.runWorker(ThreadPoolExecutor.java:1142)
	at java.util.concurrent.ThreadPoolExecutor$Worker.run(ThreadPoolExecutor.java:617)
	at java.lang.Thread.run(Thread.java:745)
Caused by: java.net.ConnectException: Connection refused: no further information
	at sun.nio.ch.SocketChannelImpl.checkConnect(Native Method)
	at sun.nio.ch.SocketChannelImpl.finishConnect(SocketChannelImpl.java:717)
	at org.jboss.netty.channel.socket.nio.NioClientSocketPipelineSink$Boss.connect(NioClientSocketPipelineSink.java:384)
	at org.jboss.netty.channel.socket.nio.NioClientSocketPipelineSink$Boss.processSelectedKeys(NioClientSocketPipelineSink.java:354)
	at org.jboss.netty.channel.socket.nio.NioClientSocketPipelineSink$Boss.run(NioClientSocketPipelineSink.java:276)
	... 3 more
2017-08-29 15:14:03 [ ERROR ] [ AbstractClient.java :112(<init>)]  [DUBBO] Failed to start NettyClient Edison-PC/192.168.234.1 connect to the server /192.168.1.13:20882 (check == false, ignore and retry later!), cause: client(url: dubbo://192.168.1.13:20882/com.zhang.cms.rpc.api.CmsApiService?anyhost=true&application=zhang-cms-web&check=false&codec=dubbo&default.check=false&dubbo=2.5.3&heartbeat=60000&interface=com.zhang.cms.rpc.api.CmsApiService&methods=selectCmsUserByUsername&mock=true&pid=8036&revision=1.0.0&side=consumer&timeout=10000&timestamp=1503990839525) failed to connect to server /192.168.1.13:20882 client-side timeout 3000ms (elapsed: 3054ms) from netty client 192.168.234.1 using dubbo version 2.5.3, dubbo version: 2.5.3, current host: 192.168.234.1
com.alibaba.dubbo.remoting.RemotingException: client(url: dubbo://192.168.1.13:20882/com.zhang.cms.rpc.api.CmsApiService?anyhost=true&application=zhang-cms-web&check=false&codec=dubbo&default.check=false&dubbo=2.5.3&heartbeat=60000&interface=com.zhang.cms.rpc.api.CmsApiService&methods=selectCmsUserByUsername&mock=true&pid=8036&revision=1.0.0&side=consumer&timeout=10000&timestamp=1503990839525) failed to connect to server /192.168.1.13:20882 client-side timeout 3000ms (elapsed: 3054ms) from netty client 192.168.234.1 using dubbo version 2.5.3
	at com.alibaba.dubbo.remoting.transport.netty.NettyClient.doConnect(NettyClient.java:127)
	at com.alibaba.dubbo.remoting.transport.AbstractClient.connect(AbstractClient.java:280)
	at com.alibaba.dubbo.remoting.transport.AbstractClient.<init>(AbstractClient.java:103)
	at com.alibaba.dubbo.remoting.transport.netty.NettyClient.<init>(NettyClient.java:61)
	at com.alibaba.dubbo.remoting.transport.netty.NettyTransporter.connect(NettyTransporter.java:37)
	at com.alibaba.dubbo.remoting.Transporter$Adpative.connect(Transporter$Adpative.java)
	at com.alibaba.dubbo.remoting.Transporters.connect(Transporters.java:67)
	at com.alibaba.dubbo.remoting.exchange.support.header.HeaderExchanger.connect(HeaderExchanger.java:37)
	at com.alibaba.dubbo.remoting.exchange.Exchangers.connect(Exchangers.java:102)
	at com.alibaba.dubbo.rpc.protocol.dubbo.DubboProtocol.initClient(DubboProtocol.java:378)
	at com.alibaba.dubbo.rpc.protocol.dubbo.DubboProtocol.getSharedClient(DubboProtocol.java:344)
	at com.alibaba.dubbo.rpc.protocol.dubbo.DubboProtocol.getClients(DubboProtocol.java:321)
	at com.alibaba.dubbo.rpc.protocol.dubbo.DubboProtocol.refer(DubboProtocol.java:303)
	at com.alibaba.dubbo.rpc.protocol.ProtocolListenerWrapper.refer(ProtocolListenerWrapper.java:65)
	at com.alibaba.dubbo.rpc.protocol.ProtocolFilterWrapper.refer(ProtocolFilterWrapper.java:62)
	at com.alibaba.dubbo.rpc.Protocol$Adpative.refer(Protocol$Adpative.java)
	at com.alibaba.dubbo.registry.integration.RegistryDirectory.toInvokers(RegistryDirectory.java:395)
	at com.alibaba.dubbo.registry.integration.RegistryDirectory.refreshInvoker(RegistryDirectory.java:224)
	at com.alibaba.dubbo.registry.integration.RegistryDirectory.notify(RegistryDirectory.java:195)
	at com.alibaba.dubbo.registry.support.AbstractRegistry.notify(AbstractRegistry.java:449)
	at com.alibaba.dubbo.registry.support.FailbackRegistry.doNotify(FailbackRegistry.java:273)
	at com.alibaba.dubbo.registry.support.FailbackRegistry.notify(FailbackRegistry.java:259)
	at com.alibaba.dubbo.registry.zookeeper.ZookeeperRegistry.doSubscribe(ZookeeperRegistry.java:170)
	at com.alibaba.dubbo.registry.support.FailbackRegistry.subscribe(FailbackRegistry.java:189)
	at com.alibaba.dubbo.registry.integration.RegistryDirectory.subscribe(RegistryDirectory.java:133)
	at com.alibaba.dubbo.registry.integration.RegistryProtocol.doRefer(RegistryProtocol.java:271)
	at com.alibaba.dubbo.registry.integration.RegistryProtocol.refer(RegistryProtocol.java:254)
	at com.alibaba.dubbo.rpc.protocol.ProtocolListenerWrapper.refer(ProtocolListenerWrapper.java:63)
	at com.alibaba.dubbo.rpc.protocol.ProtocolFilterWrapper.refer(ProtocolFilterWrapper.java:60)
	at com.alibaba.dubbo.rpc.Protocol$Adpative.refer(Protocol$Adpative.java)
	at com.alibaba.dubbo.config.ReferenceConfig.createProxy(ReferenceConfig.java:392)
	at com.alibaba.dubbo.config.ReferenceConfig.init(ReferenceConfig.java:300)
	at com.alibaba.dubbo.config.ReferenceConfig.get(ReferenceConfig.java:138)
	at com.alibaba.dubbo.config.spring.ReferenceBean.getObject(ReferenceBean.java:65)
	at org.springframework.beans.factory.support.FactoryBeanRegistrySupport.doGetObjectFromFactoryBean(FactoryBeanRegistrySupport.java:168)
	at org.springframework.beans.factory.support.FactoryBeanRegistrySupport.getObjectFromFactoryBean(FactoryBeanRegistrySupport.java:103)
	at org.springframework.beans.factory.support.AbstractBeanFactory.getObjectForBeanInstance(AbstractBeanFactory.java:1634)
	at org.springframework.beans.factory.support.AbstractBeanFactory.doGetBean(AbstractBeanFactory.java:254)
	at org.springframework.beans.factory.support.AbstractBeanFactory.getBean(AbstractBeanFactory.java:202)
	at org.springframework.beans.factory.config.DependencyDescriptor.resolveCandidate(DependencyDescriptor.java:208)
	at org.springframework.beans.factory.support.DefaultListableBeanFactory.addCandidateEntry(DefaultListableBeanFactory.java:1309)
	at org.springframework.beans.factory.support.DefaultListableBeanFactory.findAutowireCandidates(DefaultListableBeanFactory.java:1275)
	at org.springframework.beans.factory.support.DefaultListableBeanFactory.doResolveDependency(DefaultListableBeanFactory.java:1101)
	at org.springframework.beans.factory.support.DefaultListableBeanFactory.resolveDependency(DefaultListableBeanFactory.java:1066)
	at org.springframework.beans.factory.annotation.AutowiredAnnotationBeanPostProcessor$AutowiredFieldElement.inject(AutowiredAnnotationBeanPostProcessor.java:585)
	at org.springframework.beans.factory.annotation.InjectionMetadata.inject(InjectionMetadata.java:88)
	at org.springframework.beans.factory.annotation.AutowiredAnnotationBeanPostProcessor.postProcessPropertyValues(AutowiredAnnotationBeanPostProcessor.java:366)
	at org.springframework.beans.factory.support.AbstractAutowireCapableBeanFactory.populateBean(AbstractAutowireCapableBeanFactory.java:1264)
	at org.springframework.beans.factory.support.AbstractAutowireCapableBeanFactory.doCreateBean(AbstractAutowireCapableBeanFactory.java:553)
	at org.springframework.beans.factory.support.AbstractAutowireCapableBeanFactory.createBean(AbstractAutowireCapableBeanFactory.java:483)
	at org.springframework.beans.factory.support.AbstractBeanFactory$1.getObject(AbstractBeanFactory.java:306)
	at org.springframework.beans.factory.support.DefaultSingletonBeanRegistry.getSingleton(DefaultSingletonBeanRegistry.java:230)
	at org.springframework.beans.factory.support.AbstractBeanFactory.doGetBean(AbstractBeanFactory.java:302)
	at org.springframework.beans.factory.support.AbstractBeanFactory.getBean(AbstractBeanFactory.java:197)
	at org.springframework.beans.factory.support.BeanDefinitionValueResolver.resolveReference(BeanDefinitionValueResolver.java:351)
	at org.springframework.beans.factory.support.BeanDefinitionValueResolver.resolveValueIfNecessary(BeanDefinitionValueResolver.java:108)
	at org.springframework.beans.factory.support.BeanDefinitionValueResolver.resolveManagedList(BeanDefinitionValueResolver.java:382)
	at org.springframework.beans.factory.support.BeanDefinitionValueResolver.resolveValueIfNecessary(BeanDefinitionValueResolver.java:157)
	at org.springframework.beans.factory.support.AbstractAutowireCapableBeanFactory.applyPropertyValues(AbstractAutowireCapableBeanFactory.java:1531)
	at org.springframework.beans.factory.support.AbstractAutowireCapableBeanFactory.populateBean(AbstractAutowireCapableBeanFactory.java:1276)
	at org.springframework.beans.factory.support.AbstractAutowireCapableBeanFactory.doCreateBean(AbstractAutowireCapableBeanFactory.java:553)
	at org.springframework.beans.factory.support.AbstractAutowireCapableBeanFactory.createBean(AbstractAutowireCapableBeanFactory.java:483)
	at org.springframework.beans.factory.support.AbstractBeanFactory$1.getObject(AbstractBeanFactory.java:306)
	at org.springframework.beans.factory.support.DefaultSingletonBeanRegistry.getSingleton(DefaultSingletonBeanRegistry.java:230)
	at org.springframework.beans.factory.support.AbstractBeanFactory.doGetBean(AbstractBeanFactory.java:302)
	at org.springframework.beans.factory.support.AbstractBeanFactory.getBean(AbstractBeanFactory.java:197)
	at org.springframework.beans.factory.support.BeanDefinitionValueResolver.resolveReference(BeanDefinitionValueResolver.java:351)
	at org.springframework.beans.factory.support.BeanDefinitionValueResolver.resolveValueIfNecessary(BeanDefinitionValueResolver.java:108)
	at org.springframework.beans.factory.support.AbstractAutowireCapableBeanFactory.applyPropertyValues(AbstractAutowireCapableBeanFactory.java:1531)
	at org.springframework.beans.factory.support.AbstractAutowireCapableBeanFactory.populateBean(AbstractAutowireCapableBeanFactory.java:1276)
	at org.springframework.beans.factory.support.AbstractAutowireCapableBeanFactory.doCreateBean(AbstractAutowireCapableBeanFactory.java:553)
	at org.springframework.beans.factory.support.AbstractAutowireCapableBeanFactory.createBean(AbstractAutowireCapableBeanFactory.java:483)
	at org.springframework.beans.factory.support.AbstractBeanFactory$1.getObject(AbstractBeanFactory.java:306)
	at org.springframework.beans.factory.support.DefaultSingletonBeanRegistry.getSingleton(DefaultSingletonBeanRegistry.java:230)
	at org.springframework.beans.factory.support.AbstractBeanFactory.doGetBean(AbstractBeanFactory.java:302)
	at org.springframework.beans.factory.support.AbstractBeanFactory.getBean(AbstractBeanFactory.java:202)
	at org.springframework.context.support.PostProcessorRegistrationDelegate.registerBeanPostProcessors(PostProcessorRegistrationDelegate.java:235)
	at org.springframework.context.support.AbstractApplicationContext.registerBeanPostProcessors(AbstractApplicationContext.java:702)
	at org.springframework.context.support.AbstractApplicationContext.refresh(AbstractApplicationContext.java:527)
	at org.springframework.web.context.ContextLoader.configureAndRefreshWebApplicationContext(ContextLoader.java:443)
	at org.springframework.web.context.ContextLoader.initWebApplicationContext(ContextLoader.java:325)
	at org.springframework.web.context.ContextLoaderListener.contextInitialized(ContextLoaderListener.java:107)
	at org.eclipse.jetty.server.handler.ContextHandler.callContextInitialized(ContextHandler.java:800)
	at org.eclipse.jetty.servlet.ServletContextHandler.callContextInitialized(ServletContextHandler.java:444)
	at org.eclipse.jetty.server.handler.ContextHandler.startContext(ContextHandler.java:791)
	at org.eclipse.jetty.servlet.ServletContextHandler.startContext(ServletContextHandler.java:294)
	at org.eclipse.jetty.webapp.WebAppContext.startWebapp(WebAppContext.java:1349)
	at org.eclipse.jetty.maven.plugin.JettyWebAppContext.startWebapp(JettyWebAppContext.java:296)
	at org.eclipse.jetty.webapp.WebAppContext.startContext(WebAppContext.java:1342)
	at org.eclipse.jetty.server.handler.ContextHandler.doStart(ContextHandler.java:741)
	at org.eclipse.jetty.webapp.WebAppContext.doStart(WebAppContext.java:505)
	at org.eclipse.jetty.maven.plugin.JettyWebAppContext.doStart(JettyWebAppContext.java:365)
	at org.eclipse.jetty.util.component.AbstractLifeCycle.start(AbstractLifeCycle.java:68)
	at org.eclipse.jetty.util.component.ContainerLifeCycle.start(ContainerLifeCycle.java:132)
	at org.eclipse.jetty.util.component.ContainerLifeCycle.doStart(ContainerLifeCycle.java:114)
	at org.eclipse.jetty.server.handler.AbstractHandler.doStart(AbstractHandler.java:61)
	at org.eclipse.jetty.server.handler.ContextHandlerCollection.doStart(ContextHandlerCollection.java:163)
	at org.eclipse.jetty.util.component.AbstractLifeCycle.start(AbstractLifeCycle.java:68)
	at org.eclipse.jetty.util.component.ContainerLifeCycle.start(ContainerLifeCycle.java:132)
	at org.eclipse.jetty.util.component.ContainerLifeCycle.doStart(ContainerLifeCycle.java:114)
	at org.eclipse.jetty.server.handler.AbstractHandler.doStart(AbstractHandler.java:61)
	at org.eclipse.jetty.util.component.AbstractLifeCycle.start(AbstractLifeCycle.java:68)
	at org.eclipse.jetty.util.component.ContainerLifeCycle.start(ContainerLifeCycle.java:132)
	at org.eclipse.jetty.server.Server.start(Server.java:387)
	at org.eclipse.jetty.util.component.ContainerLifeCycle.doStart(ContainerLifeCycle.java:114)
	at org.eclipse.jetty.server.handler.AbstractHandler.doStart(AbstractHandler.java:61)
	at org.eclipse.jetty.server.Server.doStart(Server.java:354)
	at org.eclipse.jetty.maven.plugin.JettyServer.doStart(JettyServer.java:73)
	at org.eclipse.jetty.util.component.AbstractLifeCycle.start(AbstractLifeCycle.java:68)
	at org.eclipse.jetty.maven.plugin.AbstractJettyMojo.startJetty(AbstractJettyMojo.java:534)
	at org.eclipse.jetty.maven.plugin.AbstractJettyMojo.execute(AbstractJettyMojo.java:357)
	at org.eclipse.jetty.maven.plugin.JettyRunMojo.execute(JettyRunMojo.java:167)
	at org.apache.maven.plugin.DefaultBuildPluginManager.executeMojo(DefaultBuildPluginManager.java:134)
	at org.apache.maven.lifecycle.internal.MojoExecutor.execute(MojoExecutor.java:207)
	at org.apache.maven.lifecycle.internal.MojoExecutor.execute(MojoExecutor.java:153)
	at org.apache.maven.lifecycle.internal.MojoExecutor.execute(MojoExecutor.java:145)
	at org.apache.maven.lifecycle.internal.LifecycleModuleBuilder.buildProject(LifecycleModuleBuilder.java:116)
	at org.apache.maven.lifecycle.internal.LifecycleModuleBuilder.buildProject(LifecycleModuleBuilder.java:80)
	at org.apache.maven.lifecycle.internal.builder.singlethreaded.SingleThreadedBuilder.build(SingleThreadedBuilder.java:51)
	at org.apache.maven.lifecycle.internal.LifecycleStarter.execute(LifecycleStarter.java:128)
	at org.apache.maven.DefaultMaven.doExecute(DefaultMaven.java:307)
	at org.apache.maven.DefaultMaven.doExecute(DefaultMaven.java:193)
	at org.apache.maven.DefaultMaven.execute(DefaultMaven.java:106)
	at org.apache.maven.cli.MavenCli.execute(MavenCli.java:863)
	at org.apache.maven.cli.MavenCli.doMain(MavenCli.java:288)
	at org.apache.maven.cli.MavenCli.main(MavenCli.java:199)
	at sun.reflect.NativeMethodAccessorImpl.invoke0(Native Method)
	at sun.reflect.NativeMethodAccessorImpl.invoke(NativeMethodAccessorImpl.java:62)
	at sun.reflect.DelegatingMethodAccessorImpl.invoke(DelegatingMethodAccessorImpl.java:43)
	at java.lang.reflect.Method.invoke(Method.java:497)
	at org.codehaus.plexus.classworlds.launcher.Launcher.launchEnhanced(Launcher.java:289)
	at org.codehaus.plexus.classworlds.launcher.Launcher.launch(Launcher.java:229)
	at org.codehaus.plexus.classworlds.launcher.Launcher.mainWithExitCode(Launcher.java:415)
	at org.codehaus.plexus.classworlds.launcher.Launcher.main(Launcher.java:356)
	at org.codehaus.classworlds.Launcher.main(Launcher.java:47)
	at sun.reflect.NativeMethodAccessorImpl.invoke0(Native Method)
	at sun.reflect.NativeMethodAccessorImpl.invoke(NativeMethodAccessorImpl.java:62)
	at sun.reflect.DelegatingMethodAccessorImpl.invoke(DelegatingMethodAccessorImpl.java:43)
	at java.lang.reflect.Method.invoke(Method.java:497)
	at com.intellij.rt.execution.application.AppMain.main(AppMain.java:147)
2017-08-29 15:29:02 [ ERROR ] [ AbstractClient$1.java :155(run)]  [DUBBO] client reconnect to 192.168.1.13:20882 find error . url: dubbo://192.168.1.13:20882/com.zhang.cms.rpc.api.CmsApiService?anyhost=true&application=zhang-cms-web&check=false&codec=dubbo&default.check=false&dubbo=2.5.3&heartbeat=60000&interface=com.zhang.cms.rpc.api.CmsApiService&methods=selectCmsUserByUsername&mock=true&pid=8036&revision=1.0.0&side=consumer&timeout=10000&timestamp=1503990839525, dubbo version: 2.5.3, current host: 192.168.234.1
com.alibaba.dubbo.remoting.RemotingException: client(url: dubbo://192.168.1.13:20882/com.zhang.cms.rpc.api.CmsApiService?anyhost=true&application=zhang-cms-web&check=false&codec=dubbo&default.check=false&dubbo=2.5.3&heartbeat=60000&interface=com.zhang.cms.rpc.api.CmsApiService&methods=selectCmsUserByUsername&mock=true&pid=8036&revision=1.0.0&side=consumer&timeout=10000&timestamp=1503990839525) failed to connect to server /192.168.1.13:20882 client-side timeout 3000ms (elapsed: 3003ms) from netty client 192.168.234.1 using dubbo version 2.5.3
	at com.alibaba.dubbo.remoting.transport.netty.NettyClient.doConnect(NettyClient.java:127)
	at com.alibaba.dubbo.remoting.transport.AbstractClient.connect(AbstractClient.java:280)
	at com.alibaba.dubbo.remoting.transport.AbstractClient$1.run(AbstractClient.java:145)
	at java.util.concurrent.Executors$RunnableAdapter.call(Executors.java:511)
	at java.util.concurrent.FutureTask.runAndReset(FutureTask.java:308)
	at java.util.concurrent.ScheduledThreadPoolExecutor$ScheduledFutureTask.access$301(ScheduledThreadPoolExecutor.java:180)
	at java.util.concurrent.ScheduledThreadPoolExecutor$ScheduledFutureTask.run(ScheduledThreadPoolExecutor.java:294)
	at java.util.concurrent.ThreadPoolExecutor.runWorker(ThreadPoolExecutor.java:1142)
	at java.util.concurrent.ThreadPoolExecutor$Worker.run(ThreadPoolExecutor.java:617)
	at java.lang.Thread.run(Thread.java:745)
2017-08-29 19:04:28 [ ERROR ] [ AbstractClient$1.java :155(run)]  [DUBBO] client reconnect to 192.168.1.6:20882 find error . url: dubbo://192.168.1.6:20882/com.zhang.cms.rpc.api.CmsArticleService?anyhost=true&application=zhang-cms-web&check=false&codec=dubbo&default.check=false&dubbo=2.5.3&heartbeat=60000&interface=com.zhang.cms.rpc.api.CmsArticleService&methods=selectByExample,countByExample,insertSelective,selectByExampleForStartPage,updateByPrimaryKeySelective,selectByExampleWithBLOBs,insert,selectByExampleForOffsetPage,selectFirstByExampleWithBLOBs,updateByExampleWithBLOBs,selectByExampleWithBLOBsForOffsetPage,updateByPrimaryKeyWithBLOBs,updateByExample,selectByPrimaryKey,deleteByExample,updateByExampleSelective,initMapper,updateByPrimaryKey,deleteByPrimaryKeys,deleteByPrimaryKey,selectByExampleWithBLOBsForStartPage,selectFirstByExample,selectCmsAticlesByUserId&mock=true&pid=8036&revision=1.0.0&side=consumer&timeout=10000&timestamp=1503990846466, dubbo version: 2.5.3, current host: 192.168.234.1
com.alibaba.dubbo.remoting.RemotingException: client(url: dubbo://192.168.1.6:20882/com.zhang.cms.rpc.api.CmsArticleService?anyhost=true&application=zhang-cms-web&check=false&codec=dubbo&default.check=false&dubbo=2.5.3&heartbeat=60000&interface=com.zhang.cms.rpc.api.CmsArticleService&methods=selectByExample,countByExample,insertSelective,selectByExampleForStartPage,updateByPrimaryKeySelective,selectByExampleWithBLOBs,insert,selectByExampleForOffsetPage,selectFirstByExampleWithBLOBs,updateByExampleWithBLOBs,selectByExampleWithBLOBsForOffsetPage,updateByPrimaryKeyWithBLOBs,updateByExample,selectByPrimaryKey,deleteByExample,updateByExampleSelective,initMapper,updateByPrimaryKey,deleteByPrimaryKeys,deleteByPrimaryKey,selectByExampleWithBLOBsForStartPage,selectFirstByExample,selectCmsAticlesByUserId&mock=true&pid=8036&revision=1.0.0&side=consumer&timeout=10000&timestamp=1503990846466) failed to connect to server /192.168.1.6:20882, error message is:No route to host: no further information
	at com.alibaba.dubbo.remoting.transport.netty.NettyClient.doConnect(NettyClient.java:124)
	at com.alibaba.dubbo.remoting.transport.AbstractClient.connect(AbstractClient.java:280)
	at com.alibaba.dubbo.remoting.transport.AbstractClient$1.run(AbstractClient.java:145)
	at java.util.concurrent.Executors$RunnableAdapter.call(Executors.java:511)
	at java.util.concurrent.FutureTask.runAndReset(FutureTask.java:308)
	at java.util.concurrent.ScheduledThreadPoolExecutor$ScheduledFutureTask.access$301(ScheduledThreadPoolExecutor.java:180)
	at java.util.concurrent.ScheduledThreadPoolExecutor$ScheduledFutureTask.run(ScheduledThreadPoolExecutor.java:294)
	at java.util.concurrent.ThreadPoolExecutor.runWorker(ThreadPoolExecutor.java:1142)
	at java.util.concurrent.ThreadPoolExecutor$Worker.run(ThreadPoolExecutor.java:617)
	at java.lang.Thread.run(Thread.java:745)
Caused by: java.net.NoRouteToHostException: No route to host: no further information
	at sun.nio.ch.SocketChannelImpl.checkConnect(Native Method)
	at sun.nio.ch.SocketChannelImpl.finishConnect(SocketChannelImpl.java:717)
	at org.jboss.netty.channel.socket.nio.NioClientSocketPipelineSink$Boss.connect(NioClientSocketPipelineSink.java:384)
	at org.jboss.netty.channel.socket.nio.NioClientSocketPipelineSink$Boss.processSelectedKeys(NioClientSocketPipelineSink.java:354)
	at org.jboss.netty.channel.socket.nio.NioClientSocketPipelineSink$Boss.run(NioClientSocketPipelineSink.java:276)
	... 3 more
